<?xml version="1.0" encoding="UTF-8"?>
<testsuite name="com.ohgiraffers.associationmapping.section03.bidirection.BiDirectionServiceTests" tests="2" skipped="0" failures="0" errors="0" timestamp="2025-11-25T01:51:26.107Z" hostname="DESKTOP-GEHIS4F" time="0.506">
  <properties/>
  <testcase name="양방향 연관 관계 조회(연관관계 주인)" classname="com.ohgiraffers.associationmapping.section03.bidirection.BiDirectionServiceTests" time="0.45"/>
  <testcase name="양방향 연관 관계 조회(연관관계 주인 아님)" classname="com.ohgiraffers.associationmapping.section03.bidirection.BiDirectionServiceTests" time="0.054"/>
  <system-out><![CDATA[10:51:22.732 [Test worker] INFO org.springframework.test.context.support.AnnotationConfigContextLoaderUtils -- Could not detect default configuration classes for test class [com.ohgiraffers.associationmapping.section03.bidirection.BiDirectionServiceTests]: BiDirectionServiceTests does not declare any static, non-private, non-final, nested classes annotated with @Configuration.
10:51:22.865 [Test worker] INFO org.springframework.boot.test.context.SpringBootTestContextBootstrapper -- Found @SpringBootConfiguration com.ohgiraffers.associationmapping.Chap03AssociationMappingApplication for test class com.ohgiraffers.associationmapping.section03.bidirection.BiDirectionServiceTests

  .   ____          _            __ _ _
 /\\ / ___'_ __ _ _(_)_ __  __ _ \ \ \ \
( ( )\___ | '_ | '_| | '_ \/ _` | \ \ \ \
 \\/  ___)| |_)| | | | | || (_| |  ) ) ) )
  '  |____| .__|_| |_|_| |_\__, | / / / /
 =========|_|==============|___/=/_/_/_/

 :: Spring Boot ::                (v4.0.0)

2025-11-25T10:51:23.290+09:00  INFO 13176 --- [    Test worker] c.o.a.s.b.BiDirectionServiceTests        : Starting BiDirectionServiceTests using Java 21.0.8 with PID 13176 (started by Admin in D:\lecture\09_jpa\chap03-association-mapping)
2025-11-25T10:51:23.292+09:00  INFO 13176 --- [    Test worker] c.o.a.s.b.BiDirectionServiceTests        : No active profile set, falling back to 1 default profile: "default"
2025-11-25T10:51:23.658+09:00  INFO 13176 --- [    Test worker] .s.d.r.c.RepositoryConfigurationDelegate : Bootstrapping Spring Data JPA repositories in DEFAULT mode.
2025-11-25T10:51:23.679+09:00  INFO 13176 --- [    Test worker] .s.d.r.c.RepositoryConfigurationDelegate : Finished Spring Data repository scanning in 13 ms. Found 0 JPA repository interfaces.
2025-11-25T10:51:23.945+09:00  INFO 13176 --- [    Test worker] o.hibernate.jpa.internal.util.LogHelper  : HHH000204: Processing PersistenceUnitInfo [name: default]
2025-11-25T10:51:23.993+09:00  INFO 13176 --- [    Test worker] org.hibernate.Version                    : HHH000412: Hibernate ORM core version 7.1.8.Final
2025-11-25T10:51:24.439+09:00  INFO 13176 --- [    Test worker] o.s.o.j.p.SpringPersistenceUnitInfo      : No LoadTimeWeaver setup: ignoring JPA class transformer
2025-11-25T10:51:24.493+09:00  INFO 13176 --- [    Test worker] com.zaxxer.hikari.HikariDataSource       : HikariPool-1 - Starting...
2025-11-25T10:51:24.831+09:00  INFO 13176 --- [    Test worker] com.zaxxer.hikari.pool.HikariPool        : HikariPool-1 - Added connection com.mysql.cj.jdbc.ConnectionImpl@41492479
2025-11-25T10:51:24.834+09:00  INFO 13176 --- [    Test worker] com.zaxxer.hikari.HikariDataSource       : HikariPool-1 - Start completed.
2025-11-25T10:51:24.882+09:00  WARN 13176 --- [    Test worker] org.hibernate.orm.deprecation            : HHH90000025: MySQLDialect does not need to be specified explicitly using 'hibernate.dialect' (remove the property setting and it will be selected by default)
2025-11-25T10:51:24.900+09:00  INFO 13176 --- [    Test worker] org.hibernate.orm.connections.pooling    : HHH10001005: Database info:
	Database JDBC URL [jdbc:mysql://localhost:3306/menudb]
	Database driver: MySQL Connector/J
	Database dialect: MySQLDialect
	Database version: 8.0.40
	Default catalog/schema: menudb/undefined
	Autocommit mode: undefined/unknown
	Isolation level: REPEATABLE_READ [default REPEATABLE_READ]
	JDBC fetch size: none
	Pool: DatasourceConnectionProviderImpl
	Minimum pool size: undefined/unknown
	Maximum pool size: undefined/unknown
2025-11-25T10:51:25.873+09:00  INFO 13176 --- [    Test worker] o.h.e.t.j.p.i.JtaPlatformInitiator       : HHH000489: No JTA platform available (set 'hibernate.transaction.jta.platform' to enable JTA platform integration)
2025-11-25T10:51:25.880+09:00  INFO 13176 --- [    Test worker] j.LocalContainerEntityManagerFactoryBean : Initialized JPA EntityManagerFactory for persistence unit 'default'
2025-11-25T10:51:26.100+09:00  INFO 13176 --- [    Test worker] c.o.a.s.b.BiDirectionServiceTests        : Started BiDirectionServiceTests in 3.071 seconds (process running for 4.554)
Hibernate: 
    select
        m1_0.menu_code,
        c1_0.category_code,
        c1_0.category_name,
        c1_0.ref_category_code,
        m1_0.menu_name,
        m1_0.menu_price,
        m1_0.orderable_status 
    from
        tbl_menu m1_0 
    left join
        tbl_category c1_0 
            on c1_0.category_code=m1_0.category_code 
    where
        m1_0.menu_code=?
Hibernate: 
    select
        c1_0.category_code,
        c1_0.category_name,
        c1_0.ref_category_code 
    from
        tbl_category c1_0 
    where
        c1_0.category_code=?
Hibernate: 
    select
        ml1_0.category_code,
        ml1_0.menu_code,
        ml1_0.menu_name,
        ml1_0.menu_price,
        ml1_0.orderable_status 
    from
        tbl_menu ml1_0 
    where
        ml1_0.category_code=?
[Menu{menuCode=2, menuName='변경 된 이름', menuPrice=5000, category=Category{categoryCode=10, categoryName='기타', refCategoryCode=2}, orderableStatus='Y'}, Menu{menuCode=3, menuName='생갈치쉐이크', menuPrice=6000, category=Category{categoryCode=10, categoryName='기타', refCategoryCode=2}, orderableStatus='Y'}, Menu{menuCode=4, menuName='갈릭미역파르페', menuPrice=7000, category=Category{categoryCode=10, categoryName='기타', refCategoryCode=2}, orderableStatus='Y'}, Menu{menuCode=11, menuName='정어리빙수', menuPrice=10000, category=Category{categoryCode=10, categoryName='기타', refCategoryCode=2}, orderableStatus='Y'}, Menu{menuCode=12, menuName='날치알스크류바', menuPrice=2000, category=Category{categoryCode=10, categoryName='기타', refCategoryCode=2}, orderableStatus='Y'}, Menu{menuCode=17, menuName='참기름소주', menuPrice=5000, category=Category{categoryCode=10, categoryName='기타', refCategoryCode=2}, orderableStatus='Y'}]
Category{categoryCode=10, categoryName='기타', refCategoryCode=2}
]]></system-out>
  <system-err><![CDATA[Mockito is currently self-attaching to enable the inline-mock-maker. This will no longer work in future releases of the JDK. Please add Mockito as an agent to your build as described in Mockito's documentation: https://javadoc.io/doc/org.mockito/mockito-core/latest/org.mockito/org/mockito/Mockito.html#0.3
WARNING: A Java agent has been loaded dynamically (C:\Users\Admin\.gradle\caches\modules-2\files-2.1\net.bytebuddy\byte-buddy-agent\1.17.8\f09415827a71be7ed621c7bd02550678f28bc81c\byte-buddy-agent-1.17.8.jar)
WARNING: If a serviceability tool is in use, please run with -XX:+EnableDynamicAgentLoading to hide this warning
WARNING: If a serviceability tool is not in use, please run with -Djdk.instrument.traceUsage for more information
WARNING: Dynamic loading of agents will be disallowed by default in a future release
]]></system-err>
</testsuite>
